2018-08-23 08:07:22,489 root         INFO     Swedish Three Letter Disambiguation | Controller | run_disambiguation | input message : jag, output: {'probably_airports': [], 'probably_not_airports': [(u'jag', 0)]} | 
2018-08-23 08:09:10,176 root         INFO     Swedish Three Letter Disambiguatin | Controller | run_disambiguation | Error : 400 Bad Request: The browser (or proxy) sent a request that this server could not understand. | 
2018-08-23 08:16:47,353 root         INFO     Swedish Three Letter Disambiguatin | Controller | run_disambiguation | Error : 'ascii' codec can't encode character u'\xe5' in position 30: ordinal not in range(128) | 
2018-08-23 08:19:17,557 werkzeug     INFO      * Running on http://localhost:5000/ (Press CTRL+C to quit)
2018-08-23 08:19:43,307 werkzeug     INFO     127.0.0.1 - - [23/Aug/2018 08:19:43] "GET /svdisambiguation/v0/api/disambiguate HTTP/1.1" 404 -
2018-08-23 08:20:06,881 werkzeug     INFO      * Running on http://localhost:5000/ (Press CTRL+C to quit)
2018-08-23 08:20:25,445 root         INFO     Swedish Three Letter Disambiguatin | Controller | run_disambiguation | Error : 400 Bad Request: The browser (or proxy) sent a request that this server could not understand. | 
2018-08-23 08:20:25,445 werkzeug     INFO     127.0.0.1 - - [23/Aug/2018 08:20:25] "GET /sviatadisambiguation/v0/api/disambiguate HTTP/1.1" 200 -
2018-08-23 08:20:35,920 root         INFO     Swedish Three Letter Disambiguatin | Controller | run_disambiguation | Error : 'ascii' codec can't encode character u'\xe5' in position 30: ordinal not in range(128) | 
2018-08-23 08:20:44,876 root         INFO     Swedish Three Letter Disambiguation | Controller | run_disambiguation | input message : Min, output: {'probably_airports': [], 'probably_not_airports': []} | 
2018-08-23 08:20:44,877 werkzeug     INFO     127.0.0.1 - - [23/Aug/2018 08:20:44] "GET /sviatadisambiguation/v0/api/disambiguate?message=Min HTTP/1.1" 200 -
2018-08-23 08:21:36,686 root         INFO     Swedish Three Letter Disambiguatin | Controller | run_disambiguation | Error : 'ascii' codec can't encode character u'\xe5' in position 30: ordinal not in range(128) | 
2018-08-23 08:21:36,686 werkzeug     INFO     127.0.0.1 - - [23/Aug/2018 08:21:36] "GET /sviatadisambiguation/v0/api/disambiguate?message=Min+man+Per+och+jag+ska+fira+vår+bröllpsdag+och+vill+flyga+till+BCN+över+helgen+med+våra+barn. HTTP/1.1" 200 -
2018-08-23 08:21:41,499 root         INFO     Swedish Three Letter Disambiguatin | Controller | run_disambiguation | Error : 'ascii' codec can't encode character u'\xe5' in position 30: ordinal not in range(128) | 
2018-08-23 08:21:41,499 werkzeug     INFO     127.0.0.1 - - [23/Aug/2018 08:21:41] "GET /sviatadisambiguation/v0/api/disambiguate?message=Min+man+Per+och+jag+ska+fira+vår+bröllpsdag+och+vill+flyga+till+BCN+över+helgen+med+våra+barn. HTTP/1.1" 200 -
2018-08-23 08:23:03,045 werkzeug     INFO      * Running on http://localhost:5000/ (Press CTRL+C to quit)
2018-08-23 08:23:24,606 flask.app    ERROR    Exception on /sviatadisambiguation/v0/api/disambiguate [GET]
Traceback (most recent call last):
  File "/usr/lib64/python2.7/site-packages/flask/app.py", line 2292, in wsgi_app
    response = self.full_dispatch_request()
  File "/usr/lib64/python2.7/site-packages/flask/app.py", line 1815, in full_dispatch_request
    rv = self.handle_user_exception(e)
  File "/usr/lib64/python2.7/site-packages/flask/app.py", line 1718, in handle_user_exception
    reraise(exc_type, exc_value, tb)
  File "/usr/lib64/python2.7/site-packages/flask/app.py", line 1813, in full_dispatch_request
    rv = self.dispatch_request()
  File "/usr/lib64/python2.7/site-packages/flask/app.py", line 1799, in dispatch_request
    return self.view_functions[rule.endpoint](**req.view_args)
  File "SvIataDisambiguation.py", line 17, in run_disambiguation
    logger.log("INFO", "Swedish Three Letter Disambiguation", "Controller", "run_disambiguation", "input message : {}, output: {}".format(phrase, result))
UnicodeEncodeError: 'ascii' codec can't encode character u'\xe5' in position 30: ordinal not in range(128)
2018-08-23 08:23:24,606 werkzeug     INFO     127.0.0.1 - - [23/Aug/2018 08:23:24] "GET /sviatadisambiguation/v0/api/disambiguate?message=Min+man+Per+och+jag+ska+fira+vår+bröllpsdag+och+vill+flyga+till+BCN+över+helgen+med+våra+barn. HTTP/1.1" 500 -
2018-08-23 08:25:47,048 werkzeug     INFO      * Running on http://localhost:5000/ (Press CTRL+C to quit)
2018-08-23 08:25:53,056 root         INFO     Swedish Three Letter Disambiguation | Controller | run_disambiguation | input message : Min man Per och jag ska fira vår bröllpsdag och vill flyga till BCN över helgen med våra barn., output: {'probably_airports': [], 'probably_not_airports': [(u'man', 1), (u'och', 3), (u'jag', 4), (u'ska', 5), (u'och', 9), (u'med', 16)]} | 
2018-08-23 08:25:53,057 werkzeug     INFO     127.0.0.1 - - [23/Aug/2018 08:25:53] "GET /sviatadisambiguation/v0/api/disambiguate?message=Min+man+Per+och+jag+ska+fira+vår+bröllpsdag+och+vill+flyga+till+BCN+över+helgen+med+våra+barn. HTTP/1.1" 200 -
2018-08-23 08:28:11,457 root         INFO     Swedish Three Letter Disambiguation | Controller | run_disambiguation | input message : Min man Per och jag ska fira vår bröllpsdag och vill flyga till BCN över helgen med våra barn., output: {'probably_airports': [], 'probably_not_airports': [(u'man', 1), (u'och', 3), (u'jag', 4), (u'ska', 5), (u'och', 9), (u'med', 16)]} | 
2018-08-23 08:30:46,544 root         INFO     Swedish Three Letter Disambiguation | Controller | run_disambiguation | input message : min man per och jag ska fira vår bröllpsdag och vill flyga till bcn över helgen med våra barn., output: {'probably_airports': [], 'probably_not_airports': [(u'min', 0), (u'man', 1), (u'per', 2), (u'och', 3), (u'jag', 4), (u'ska', 5), (u'och', 9), (u'med', 16)]} | 
2018-08-23 08:31:21,176 root         INFO     Swedish Three Letter Disambiguation | Controller | run_disambiguation | input message : jag vill åka till bcn men helst flyga från bromma flygplats vilket vi tycker ska bli kul, output: {'probably_airports': [(u'kul', 16)], 'probably_not_airports': [(u'men', 5), (u'ska', 14), (u'bli', 15), (u'jag', 0)]} | 
2018-08-23 08:32:41,262 root         INFO     Swedish Three Letter Disambiguation | Controller | run_disambiguation | input message : min man tar med sin förra fru till hel. de vill flyga från sto, output: {'probably_airports': [(u'sto', 13)], 'probably_not_airports': [(u'min', 0), (u'man', 1), (u'tar', 2), (u'med', 3), (u'sin', 4), (u'fru', 6)]} | 
2018-08-23 08:34:02,990 root         INFO     Swedish Three Letter Disambiguation | Controller | run_disambiguation | input message : kan man ge bud på en resa nästa helg från sto till par?, output: {'probably_airports': [(u'sto', 10)], 'probably_not_airports': [(u'kan', 0), (u'man', 1), (u'bud', 3)]} | 
2018-08-23 08:34:57,247 root         INFO     Swedish Three Letter Disambiguation | Controller | run_disambiguation | input message : finns det haj i palma de mallorca, om inte vill vi flyga dit från sto imorgon, output: {'probably_airports': [(u'sto', 14), (u'haj', 2)], 'probably_not_airports': [(u'det', 1)]} | 
2018-08-23 08:35:52,258 root         INFO     Swedish Three Letter Disambiguation | Controller | run_disambiguation | input message : min bror och jag vill ut och resa. jag vill flyga till ber från sto och han vill flyga från bma, output: {'probably_airports': [(u'ber', 12), (u'sto', 14)], 'probably_not_airports': [(u'och', 2), (u'jag', 3), (u'och', 15), (u'han', 16), (u'min', 0), (u'och', 6), (u'jag', 8)]} | 
2018-08-23 08:36:16,311 root         INFO     Swedish Three Letter Disambiguation | Controller | run_disambiguation | input message : vi är ett par som vill resa till rek och åker gärna från arn, output: {'probably_airports': [(u'par', 3)], 'probably_not_airports': [(u'som', 4), (u'och', 9)]} | 
2018-08-23 08:38:00,226 root         INFO     Swedish Three Letter Disambiguation | Controller | run_disambiguation | input message : min man alf och jag bor i stockholm önskar flyga till par, output: {'probably_airports': [(u'par', 11), (u'alf', 2)], 'probably_not_airports': [(u'min', 0), (u'man', 1), (u'och', 3), (u'jag', 4), (u'bor', 5)]} | 
2018-08-31 08:09:16,442 root         INFO     Swedish Three Letter Disambiguation | Controller | run_disambiguation | input message : min man alf och jag bor i stockholm önskar flyga till par, output: {'probably_airports': [(u'par', 11), (u'alf', 2)], 'probably_not_airports': [(u'min', 0), (u'man', 1), (u'och', 3), (u'jag', 4), (u'bor', 5)]} | 
2018-08-31 08:17:06,058 root         INFO     Swedish Three Letter Disambiguation | Controller | run_disambiguation | input message : flyga till par, output: {'probably_airports': [(u'par', 2)], 'probably_not_airports': []} | 
2018-08-31 09:10:11,147 root         INFO     Swedish Three Letter Disambiguation | Controller | run_disambiguation | input message : flyga till par från lon, output: {'probably_airports': [(u'par', 2), (u'lon', 4)], 'probably_not_airports': []} | 
2018-08-31 09:10:33,932 root         INFO     Swedish Three Letter Disambiguation | Controller | run_disambiguation | input message : min son och jag vill flyga till lon, output: {'probably_airports': [(u'lon', 7), (u'son', 1)], 'probably_not_airports': [(u'min', 0), (u'och', 2), (u'jag', 3)]} | 
2018-08-31 09:29:24,174 root         INFO     Swedish Three Letter Disambiguation | Controller | run_disambiguation | input message : flyga till lon, output: {'probably_airports': [(u'lon', 2)], 'probably_not_airports': []} | 
2018-08-31 09:29:43,802 root         INFO     Swedish Three Letter Disambiguation | Controller | run_disambiguation | input message : min son och jag vill flyga till lon, output: {'probably_airports': [(u'lon', 7), (u'son', 1)], 'probably_not_airports': [(u'min', 0), (u'och', 2), (u'jag', 3)]} | 
2018-08-31 09:31:01,936 root         INFO     Swedish Three Letter Disambiguation | Controller | run_disambiguation | input message : min son och jag vill flyga till min, output: {'probably_airports': [(u'min', 7), (u'son', 1)], 'probably_not_airports': [(u'min', 0), (u'och', 2), (u'jag', 3)]} | 
2018-08-31 09:31:20,476 root         INFO     Swedish Three Letter Disambiguation | Controller | run_disambiguation | input message : min son och jag vill flyga till son, output: {'probably_airports': [(u'son', 7), (u'son', 1)], 'probably_not_airports': [(u'min', 0), (u'och', 2), (u'jag', 3)]} | 
2018-08-31 09:32:33,253 root         INFO     Swedish Three Letter Disambiguation | Controller | run_disambiguation | input message : min son och jag vill flyga till och, output: {'probably_airports': [(u'och', 7), (u'son', 1)], 'probably_not_airports': [(u'min', 0), (u'och', 2), (u'jag', 3)]} | 
2018-09-11 18:56:49,944 werkzeug     INFO      * Running on http://localhost:5000/ (Press CTRL+C to quit)
2018-09-11 18:57:21,703 root         INFO     Swedish Three Letter Disambiguation | Controller | run_disambiguation | input message : ber par två personner imorgon http/1.1, output: {'probably_airports': [(u'ber', 0), (u'par', 1)], 'probably_not_airports': []} | 
2018-09-11 18:57:21,703 werkzeug     INFO     127.0.0.1 - - [11/Sep/2018 18:57:21] "GET /sviatadisambiguation/v0/api/disambiguate?message=ber+par+tv%C3%A5+personner+imorgon%20HTTP/1.1 HTTP/1.1" 200 -
2018-09-11 19:03:54,046 werkzeug     INFO      * Running on http://localhost:5000/ (Press CTRL+C to quit)
2018-09-11 19:04:32,869 root         INFO     Swedish Three Letter Disambiguation | Controller | run_disambiguation | input message : ber par två personner imorgon, output: {'probably_airports': [(u'ber', 0), (u'par', 1)], 'probably_not_airports': []} | 
2018-09-11 19:04:32,871 werkzeug     INFO     127.0.0.1 - - [11/Sep/2018 19:04:32] "GET /sviatadisambiguation/v0/api/disambiguate?message=ber+par+tv%C3%A5+personner+imorgon HTTP/1.1" 200 -
2018-09-11 19:05:43,176 root         INFO     Swedish Three Letter Disambiguation | Controller | run_disambiguation | input message : min man per och jag ska fira vår bröllpsdag och vill flyga till bcn över helgen med våra barn., output: {'probably_airports': [], 'probably_not_airports': [(u'min', 0), (u'man', 1), (u'per', 2), (u'och', 3), (u'jag', 4), (u'ska', 5), (u'och', 9), (u'med', 16)]} | 
2018-09-11 19:05:43,178 werkzeug     INFO     127.0.0.1 - - [11/Sep/2018 19:05:43] "GET /sviatadisambiguation/v0/api/disambiguate?message=Min%20man%20Per%20och%20jag%20ska%20fira%20v%C3%A5r%20br%C3%B6llpsdag%20och%20vill%20flyga%20till%20BCN%20%C3%B6ver%20helgen%20med%20v%C3%A5ra%20barn. HTTP/1.1" 200 -
